2025-02-10 21:09:47.994 CET [15142] LOG:  starting PostgreSQL 17.2 (Postgres.app) on aarch64-apple-darwin23.6.0, compiled by Apple clang version 15.0.0 (clang-1500.3.9.4), 64-bit
2025-02-10 21:09:47.996 CET [15142] LOG:  listening on IPv6 address "::1", port 5432
2025-02-10 21:09:47.996 CET [15142] LOG:  listening on IPv4 address "127.0.0.1", port 5432
2025-02-10 21:09:47.996 CET [15142] LOG:  listening on Unix socket "/tmp/.s.PGSQL.5432"
2025-02-10 21:09:47.998 CET [15146] LOG:  database system was shut down at 2025-02-10 21:09:47 CET
2025-02-10 21:09:48.000 CET [15142] LOG:  database system is ready to accept connections
2025-02-10 21:11:02.697 CET [15142] LOG:  received fast shutdown request
2025-02-10 21:11:02.697 CET [15142] LOG:  aborting any active transactions
2025-02-10 21:11:02.698 CET [15927] FATAL:  terminating connection due to administrator command
2025-02-10 21:11:02.698 CET [15542] FATAL:  terminating connection due to administrator command
2025-02-10 21:11:02.698 CET [16310] FATAL:  terminating connection due to administrator command
2025-02-10 21:11:02.699 CET [15142] LOG:  background worker "logical replication launcher" (PID 15149) exited with exit code 1
2025-02-10 21:11:02.700 CET [15144] LOG:  shutting down
2025-02-10 21:11:02.701 CET [15144] LOG:  checkpoint starting: shutdown immediate
2025-02-10 21:11:02.761 CET [15144] LOG:  checkpoint complete: wrote 943 buffers (5.8%); 0 WAL file(s) added, 0 removed, 0 recycled; write=0.049 s, sync=0.010 s, total=0.061 s; sync files=308, longest=0.001 s, average=0.001 s; distance=4311 kB, estimate=4311 kB; lsn=0/193D918, redo lsn=0/193D918
2025-02-10 21:11:02.764 CET [15142] LOG:  database system is shut down
2025-02-10 21:20:38.111 CET [17757] LOG:  starting PostgreSQL 17.2 (Postgres.app) on aarch64-apple-darwin23.6.0, compiled by Apple clang version 15.0.0 (clang-1500.3.9.4), 64-bit
2025-02-10 21:20:38.113 CET [17757] LOG:  listening on IPv6 address "::1", port 5433
2025-02-10 21:20:38.113 CET [17757] LOG:  listening on IPv4 address "127.0.0.1", port 5433
2025-02-10 21:20:38.113 CET [17757] LOG:  listening on Unix socket "/tmp/.s.PGSQL.5433"
2025-02-10 21:20:38.118 CET [17760] LOG:  database system was shut down at 2025-02-10 21:20:31 CET
2025-02-10 21:20:38.120 CET [17757] LOG:  database system is ready to accept connections
2025-02-10 21:21:06.815 PostgresPermissionDialog[17831:253880] +[IMKClient subclass]: chose IMKClient_Modern
2025-02-10 21:21:06.816 PostgresPermissionDialog[17831:253880] +[IMKInputSession subclass]: chose IMKInputSession_Modern
2025-02-10 21:21:10.009 CET [17830] LOG:  could not receive data from client: Connection reset by peer
2025-02-10 21:25:38.119 CET [17758] LOG:  checkpoint starting: time
2025-02-10 21:25:49.918 CET [17758] LOG:  checkpoint complete: wrote 119 buffers (0.7%); 0 WAL file(s) added, 0 removed, 0 recycled; write=11.786 s, sync=0.010 s, total=11.799 s; sync files=74, longest=0.001 s, average=0.001 s; distance=550 kB, estimate=550 kB; lsn=0/19C7308, redo lsn=0/19C7278
2025-02-10 21:28:58.050 CET [17757] LOG:  received fast shutdown request
2025-02-10 21:28:58.051 CET [17757] LOG:  aborting any active transactions
2025-02-10 21:28:58.051 CET [17757] LOG:  background worker "logical replication launcher" (PID 17763) exited with exit code 1
2025-02-10 21:28:58.052 CET [17758] LOG:  shutting down
2025-02-10 21:28:58.052 CET [17758] LOG:  checkpoint starting: shutdown immediate
2025-02-10 21:28:58.053 CET [17758] LOG:  checkpoint complete: wrote 0 buffers (0.0%); 0 WAL file(s) added, 0 removed, 0 recycled; write=0.001 s, sync=0.001 s, total=0.002 s; sync files=0, longest=0.000 s, average=0.000 s; distance=0 kB, estimate=495 kB; lsn=0/19C73B8, redo lsn=0/19C73B8
2025-02-10 21:28:58.056 CET [17757] LOG:  database system is shut down
2025-02-24 12:00:19.595 CET [24880] LOG:  starting PostgreSQL 17.2 (Postgres.app) on aarch64-apple-darwin23.6.0, compiled by Apple clang version 15.0.0 (clang-1500.3.9.4), 64-bit
2025-02-24 12:00:19.598 CET [24880] LOG:  listening on IPv6 address "::1", port 5433
2025-02-24 12:00:19.598 CET [24880] LOG:  listening on IPv4 address "127.0.0.1", port 5433
2025-02-24 12:00:19.599 CET [24880] LOG:  listening on Unix socket "/tmp/.s.PGSQL.5433"
2025-02-24 12:00:19.602 CET [24883] LOG:  database system was shut down at 2025-02-10 21:28:58 CET
2025-02-24 12:00:19.606 CET [24880] LOG:  database system is ready to accept connections
2025-02-24 12:05:19.602 CET [24881] LOG:  checkpoint starting: time
2025-02-24 12:05:20.331 CET [24881] LOG:  checkpoint complete: wrote 10 buffers (0.1%); 0 WAL file(s) added, 0 removed, 0 recycled; write=0.711 s, sync=0.002 s, total=0.729 s; sync files=6, longest=0.002 s, average=0.001 s; distance=0 kB, estimate=0 kB; lsn=0/19C74C0, redo lsn=0/19C7468
2025-02-24 12:17:27.904 CET [26006] LOG:  could not receive data from client: Connection reset by peer
